Using pre-set license
Built from '2020.3/staging' branch; Version is '2020.3.11f1 (99c7afb366b3) revision 10078127'; Using compiler version '192528614'; Build Type 'Release'
OS: 'Windows 10 Home; OS build 19043.1110; Version 2009; 64bit' Language: 'ja' Physical Memory: 16331 MB
BatchMode: 1, IsHumanControllingUs: 0, StartBugReporterOnCrash: 0, Is64bit: 1, IsPro: 0

 COMMAND LINE ARGUMENTS:
D:\Program Files\Unity\Hub\Editor\2020.3.11f1\Editor\Unity.exe
-adb2
-batchMode
-noUpm
-name
AssetImportWorker0
-projectPath
D:/Users/yuma/Saved Games/First_Game
-logFile
Logs/AssetImportWorker0.log
-srvPort
57550
Successfully changed project path to: D:/Users/yuma/Saved Games/First_Game
D:/Users/yuma/Saved Games/First_Game
Using Asset Import Pipeline V2.
Refreshing native plugins compatible for Editor in 22.77 ms, found 2 plugins.
Preloading 0 native plugins for Editor in 0.00 ms.
Initialize engine version: 2020.3.11f1 (99c7afb366b3)
[Subsystems] Discovering subsystems at path D:/Program Files/Unity/Hub/Editor/2020.3.11f1/Editor/Data/Resources/UnitySubsystems
[Subsystems] Discovering subsystems at path D:/Users/yuma/Saved Games/First_Game/Assets
GfxDevice: creating device client; threaded=0
Direct3D:
    Version:  Direct3D 11.0 [level 11.1]
    Renderer: NVIDIA GeForce GTX 1070 (ID=0x1b81)
    Vendor:   
    VRAM:     8088 MB
    Driver:   27.21.14.5671
Initialize mono
Mono path[0] = 'D:/Program Files/Unity/Hub/Editor/2020.3.11f1/Editor/Data/Managed'
Mono path[1] = 'D:/Program Files/Unity/Hub/Editor/2020.3.11f1/Editor/Data/MonoBleedingEdge/lib/mono/unityjit'
Mono config path = 'D:/Program Files/Unity/Hub/Editor/2020.3.11f1/Editor/Data/MonoBleedingEdge/etc'
Using monoOptions --debugger-agent=transport=dt_socket,embedding=1,server=y,suspend=n,address=127.0.0.1:56140
Begin MonoManager ReloadAssembly
Registering precompiled unity dll's ...
Register platform support module: D:/Program Files/Unity/Hub/Editor/2020.3.11f1/Editor/Data/PlaybackEngines/WindowsStandaloneSupport/UnityEditor.WindowsStandalone.Extensions.dll
Registered in 0.001224 seconds.
Native extension for WindowsStandalone target not found
Refreshing native plugins compatible for Editor in 22.61 ms, found 2 plugins.
Preloading 0 native plugins for Editor in 0.00 ms.
Mono: successfully reloaded assembly
- Completed reload, in  2.117 seconds
Platform modules already initialized, skipping
Registering precompiled user dll's ...
Registered in 0.003818 seconds.
Begin MonoManager ReloadAssembly
Native extension for WindowsStandalone target not found
Refreshing native plugins compatible for Editor in 0.25 ms, found 2 plugins.
Preloading 0 native plugins for Editor in 0.00 ms.
Mono: successfully reloaded assembly
- Completed reload, in  0.855 seconds
Platform modules already initialized, skipping
========================================================================
Worker process is ready to serve import requests
Launched and connected shader compiler UnityShaderCompiler.exe after 0.05 seconds
Refreshing native plugins compatible for Editor in 0.28 ms, found 2 plugins.
Preloading 0 native plugins for Editor in 0.00 ms.
Unloading 1386 Unused Serialized files (Serialized files now loaded: 0)
System memory in use before: 67.4 MB.
System memory in use after: 67.4 MB.

Unloading 19 unused Assets to reduce memory usage. Loaded Objects now: 1819.
Total: 2.461000 ms (FindLiveObjects: 0.199100 ms CreateObjectMapping: 0.058900 ms MarkObjects: 2.097600 ms  DeleteObjects: 0.104200 ms)

========================================================================
Received Import Request.
  path: Assets/Scenes
  artifactKey: Guid(23b56b89e8a531744b0a607dd1f9aeb7) Importer(815301076,1909f56bfc062723c751e8b465ee728b)
Start importing Assets/Scenes using Guid(23b56b89e8a531744b0a607dd1f9aeb7) Importer(815301076,1909f56bfc062723c751e8b465ee728b)  -> (artifact id: '5a49694f4bfce792fd8a2ec6f87166c2') in 0.005333 seconds
  Import took 0.009823 seconds .

========================================================================
Received Import Request.
  Time since last request: 4.464825 seconds.
  path: Assets/New Physic Material.physicMaterial
  artifactKey: Guid(bcfe7ef5325fb754db0eb8117af802e8) Importer(815301076,1909f56bfc062723c751e8b465ee728b)
Start importing Assets/New Physic Material.physicMaterial using Guid(bcfe7ef5325fb754db0eb8117af802e8) Importer(815301076,1909f56bfc062723c751e8b465ee728b)  -> (artifact id: 'e07c32fed947184c0bf4ae8ba60145bf') in 0.037777 seconds
  Import took 0.040787 seconds .

========================================================================
Received Import Request.
  Time since last request: 44.987554 seconds.
  path: Assets
  artifactKey: Guid(00000000000000001000000000000000) Importer(815301076,1909f56bfc062723c751e8b465ee728b)
Start importing Assets using Guid(00000000000000001000000000000000) Importer(815301076,1909f56bfc062723c751e8b465ee728b)  -> (artifact id: '42d402b061de3733987d63b9cc3b64de') in 0.002803 seconds
  Import took 0.046023 seconds .

========================================================================
Received Import Request.
  Time since last request: 7.656920 seconds.
  path: Assets/KeyMove.cs
  artifactKey: Guid(d76d207468523664d822ade3fa251565) Importer(815301076,1909f56bfc062723c751e8b465ee728b)
Start importing Assets/KeyMove.cs using Guid(d76d207468523664d822ade3fa251565) Importer(815301076,1909f56bfc062723c751e8b465ee728b)  -> (artifact id: '325f05e458c7050fae80485ad4422d88') in 0.005301 seconds
  Import took 0.007075 seconds .

========================================================================
Received Import Request.
  Time since last request: 0.014570 seconds.
  path: Assets/KeyMove.cs
  artifactKey: Guid(d76d207468523664d822ade3fa251565) Importer(815301076,1909f56bfc062723c751e8b465ee728b)
Start importing Assets/KeyMove.cs using Guid(d76d207468523664d822ade3fa251565) Importer(815301076,1909f56bfc062723c751e8b465ee728b)  -> (artifact id: '325f05e458c7050fae80485ad4422d88') in 0.001978 seconds
  Import took 0.004801 seconds .

========================================================================
Received Prepare
Registering precompiled user dll's ...
Registered in 0.003772 seconds.
Begin MonoManager ReloadAssembly
Native extension for WindowsStandalone target not found
Refreshing native plugins compatible for Editor in 0.27 ms, found 2 plugins.
Preloading 0 native plugins for Editor in 0.00 ms.
Mono: successfully reloaded assembly
- Completed reload, in  0.783 seconds
Platform modules already initialized, skipping
Refreshing native plugins compatible for Editor in 0.38 ms, found 2 plugins.
Preloading 0 native plugins for Editor in 0.00 ms.
Unloading 1382 Unused Serialized files (Serialized files now loaded: 0)
System memory in use before: 67.4 MB.
System memory in use after: 67.4 MB.

Unloading 14 unused Assets to reduce memory usage. Loaded Objects now: 1823.
Total: 2.441100 ms (FindLiveObjects: 0.210700 ms CreateObjectMapping: 0.075800 ms MarkObjects: 2.097000 ms  DeleteObjects: 0.056300 ms)

========================================================================
Received Prepare
Registering precompiled user dll's ...
Registered in 0.004330 seconds.
Begin MonoManager ReloadAssembly
Native extension for WindowsStandalone target not found
Refreshing native plugins compatible for Editor in 0.26 ms, found 2 plugins.
Preloading 0 native plugins for Editor in 0.00 ms.
Mono: successfully reloaded assembly
- Completed reload, in  0.772 seconds
Platform modules already initialized, skipping
Refreshing native plugins compatible for Editor in 0.26 ms, found 2 plugins.
Preloading 0 native plugins for Editor in 0.00 ms.
Unloading 1382 Unused Serialized files (Serialized files now loaded: 0)
System memory in use before: 67.4 MB.
System memory in use after: 67.5 MB.

Unloading 14 unused Assets to reduce memory usage. Loaded Objects now: 1826.
Total: 1.709500 ms (FindLiveObjects: 0.118600 ms CreateObjectMapping: 0.034600 ms MarkObjects: 1.508400 ms  DeleteObjects: 0.047100 ms)

========================================================================
Received Import Request.
  Time since last request: 171.882898 seconds.
  path: Assets/KeyMove.cs
  artifactKey: Guid(d76d207468523664d822ade3fa251565) Importer(815301076,1909f56bfc062723c751e8b465ee728b)
Start importing Assets/KeyMove.cs using Guid(d76d207468523664d822ade3fa251565) Importer(815301076,1909f56bfc062723c751e8b465ee728b)  -> (artifact id: '8440dadd8da6075148278b0a3bf0775d') in 0.004202 seconds
  Import took 0.023059 seconds .

========================================================================
Received Import Request.
  Time since last request: 32.250486 seconds.
  path: Assets/New Physic Material.physicMaterial
  artifactKey: Guid(bcfe7ef5325fb754db0eb8117af802e8) Importer(815301076,1909f56bfc062723c751e8b465ee728b)
Start importing Assets/New Physic Material.physicMaterial using Guid(bcfe7ef5325fb754db0eb8117af802e8) Importer(815301076,1909f56bfc062723c751e8b465ee728b)  -> (artifact id: 'c8d393187bea273cd8741623b8a9b976') in 0.009999 seconds
  Import took 0.033711 seconds .

========================================================================
Received Import Request.
  Time since last request: 161.280624 seconds.
  path: Assets/Fall.cs
  artifactKey: Guid(43044a4312babee47ba83a1ecc28c2df) Importer(815301076,1909f56bfc062723c751e8b465ee728b)
Start importing Assets/Fall.cs using Guid(43044a4312babee47ba83a1ecc28c2df) Importer(815301076,1909f56bfc062723c751e8b465ee728b)  -> (artifact id: 'd797b3488fa0e1366652429f20f4cd4e') in 0.002211 seconds
  Import took 0.022554 seconds .

========================================================================
Received Prepare
Registering precompiled user dll's ...
Registered in 0.003641 seconds.
Begin MonoManager ReloadAssembly
Native extension for WindowsStandalone target not found
Refreshing native plugins compatible for Editor in 0.26 ms, found 2 plugins.
Preloading 0 native plugins for Editor in 0.00 ms.
Mono: successfully reloaded assembly
- Completed reload, in  1.082 seconds
Platform modules already initialized, skipping
Refreshing native plugins compatible for Editor in 0.44 ms, found 2 plugins.
Preloading 0 native plugins for Editor in 0.00 ms.
Unloading 1383 Unused Serialized files (Serialized files now loaded: 0)
System memory in use before: 67.4 MB.
System memory in use after: 67.5 MB.

Unloading 14 unused Assets to reduce memory usage. Loaded Objects now: 1830.
Total: 2.411800 ms (FindLiveObjects: 0.161700 ms CreateObjectMapping: 0.049700 ms MarkObjects: 2.128700 ms  DeleteObjects: 0.070300 ms)

========================================================================
Received Prepare
Registering precompiled user dll's ...
Registered in 0.004493 seconds.
Begin MonoManager ReloadAssembly
Native extension for WindowsStandalone target not found
Refreshing native plugins compatible for Editor in 0.30 ms, found 2 plugins.
Preloading 0 native plugins for Editor in 0.00 ms.
Mono: successfully reloaded assembly
- Completed reload, in  0.761 seconds
Platform modules already initialized, skipping
Refreshing native plugins compatible for Editor in 0.44 ms, found 2 plugins.
Preloading 0 native plugins for Editor in 0.00 ms.
Unloading 1383 Unused Serialized files (Serialized files now loaded: 0)
System memory in use before: 67.4 MB.
System memory in use after: 67.5 MB.

Unloading 14 unused Assets to reduce memory usage. Loaded Objects now: 1833.
Total: 1.635600 ms (FindLiveObjects: 0.117500 ms CreateObjectMapping: 0.036400 ms MarkObjects: 1.430700 ms  DeleteObjects: 0.050000 ms)

========================================================================
Received Import Request.
  Time since last request: 146.594056 seconds.
  path: Assets/Fall.cs
  artifactKey: Guid(43044a4312babee47ba83a1ecc28c2df) Importer(815301076,1909f56bfc062723c751e8b465ee728b)
Start importing Assets/Fall.cs using Guid(43044a4312babee47ba83a1ecc28c2df) Importer(815301076,1909f56bfc062723c751e8b465ee728b)  -> (artifact id: '1fcda13992bd96cfe909ee0ca6de2e88') in 0.004704 seconds
  Import took 0.021709 seconds .

========================================================================
Received Prepare
Refreshing native plugins compatible for Editor in 4.92 ms, found 2 plugins.
Preloading 0 native plugins for Editor in 0.00 ms.
Unloading 12 Unused Serialized files (Serialized files now loaded: 0)
System memory in use before: 40.3 MB.
System memory in use after: 40.4 MB.

Unloading 12 unused Assets to reduce memory usage. Loaded Objects now: 1833.
Total: 2.349900 ms (FindLiveObjects: 0.151300 ms CreateObjectMapping: 0.041200 ms MarkObjects: 2.095000 ms  DeleteObjects: 0.061400 ms)

========================================================================
Received Import Request.
  Time since last request: 469.706260 seconds.
  path: Assets/Fall.cs
  artifactKey: Guid(43044a4312babee47ba83a1ecc28c2df) Importer(815301076,1909f56bfc062723c751e8b465ee728b)
Start importing Assets/Fall.cs using Guid(43044a4312babee47ba83a1ecc28c2df) Importer(815301076,1909f56bfc062723c751e8b465ee728b)  -> (artifact id: '9d69ceb99f1eef245999487dcb680681') in 0.001966 seconds
  Import took 0.018398 seconds .

========================================================================
Received Prepare
Registering precompiled user dll's ...
Registered in 0.005035 seconds.
Begin MonoManager ReloadAssembly
Native extension for WindowsStandalone target not found
Refreshing native plugins compatible for Editor in 0.26 ms, found 2 plugins.
Preloading 0 native plugins for Editor in 0.00 ms.
Mono: successfully reloaded assembly
- Completed reload, in  0.761 seconds
Platform modules already initialized, skipping
Refreshing native plugins compatible for Editor in 0.28 ms, found 2 plugins.
Preloading 0 native plugins for Editor in 0.00 ms.
Unloading 1383 Unused Serialized files (Serialized files now loaded: 0)
System memory in use before: 67.5 MB.
System memory in use after: 67.6 MB.

Unloading 14 unused Assets to reduce memory usage. Loaded Objects now: 1836.
Total: 2.188400 ms (FindLiveObjects: 0.120700 ms CreateObjectMapping: 0.036100 ms MarkObjects: 1.970300 ms  DeleteObjects: 0.060400 ms)

========================================================================
Received Import Request.
  Time since last request: 29.023945 seconds.
  path: Assets/Fall.cs
  artifactKey: Guid(43044a4312babee47ba83a1ecc28c2df) Importer(815301076,1909f56bfc062723c751e8b465ee728b)
Start importing Assets/Fall.cs using Guid(43044a4312babee47ba83a1ecc28c2df) Importer(815301076,1909f56bfc062723c751e8b465ee728b)  -> (artifact id: '9047c3c7c296161955eb3275ee2d2374') in 0.005113 seconds
  Import took 0.017715 seconds .

========================================================================
Received Prepare
Registering precompiled user dll's ...
Registered in 0.003682 seconds.
Begin MonoManager ReloadAssembly
Native extension for WindowsStandalone target not found
Refreshing native plugins compatible for Editor in 0.29 ms, found 2 plugins.
Preloading 0 native plugins for Editor in 0.00 ms.
Mono: successfully reloaded assembly
- Completed reload, in  0.768 seconds
Platform modules already initialized, skipping
Refreshing native plugins compatible for Editor in 0.28 ms, found 2 plugins.
Preloading 0 native plugins for Editor in 0.00 ms.
Unloading 1383 Unused Serialized files (Serialized files now loaded: 0)
System memory in use before: 67.5 MB.
System memory in use after: 67.6 MB.

Unloading 14 unused Assets to reduce memory usage. Loaded Objects now: 1839.
Total: 2.420600 ms (FindLiveObjects: 0.120300 ms CreateObjectMapping: 0.060000 ms MarkObjects: 2.189400 ms  DeleteObjects: 0.049800 ms)

========================================================================
Received Prepare
Refreshing native plugins compatible for Editor in 3.04 ms, found 2 plugins.
Preloading 0 native plugins for Editor in 0.00 ms.
Unloading 12 Unused Serialized files (Serialized files now loaded: 0)
System memory in use before: 40.4 MB.
System memory in use after: 40.4 MB.

Unloading 12 unused Assets to reduce memory usage. Loaded Objects now: 1839.
Total: 2.185700 ms (FindLiveObjects: 0.134200 ms CreateObjectMapping: 0.053500 ms MarkObjects: 1.939400 ms  DeleteObjects: 0.057600 ms)

AssetImportWorkerClient::OnTransportError - code=2 error=End of file
